<?xml version="1.0" encoding="UTF-8" ?>
<testsuite tests="7" failures="0" name="com.ping.RunCucumberTest" time="0.163" errors="0" skipped="7">
  <properties>
[...]
</properties>
  <testcase classname="test feature test" name="test post request" time="0.038">
    <skipped/>
    <system-out>@RestAssuredCase
Feature: test feature test

  Background:                         &amp;#27;[90m# src/test/resources/com/ping/features/assuredaw.feature:7&amp;#27;[0m
    &amp;#27;[33mGiven &amp;#27;[0m&amp;#27;[33mset base url and set header&amp;#27;[0m &amp;#27;[90m# null&amp;#27;[0m

  @RestAssuredCase
  Scenario: test post request                               &amp;#27;[90m# src/test/resources/com/ping/features/assuredaw.feature:19&amp;#27;[0m
    &amp;#27;[33mWhen &amp;#27;[0m&amp;#27;[33mI send a POST request to &quot;/save&quot; and request json:&amp;#27;[0m &amp;#27;[90m# null&amp;#27;[0m
    &amp;#27;[33mThen &amp;#27;[0m&amp;#27;[33mstate code will be &quot;200&quot;&amp;#27;[0m                           &amp;#27;[90m# null&amp;#27;[0m
    &amp;#27;[33mAnd &amp;#27;[0m&amp;#27;[33mthe JSON response &quot;bookid&quot; equals &quot;5433&quot;&amp;#27;[0m            &amp;#27;[90m# null&amp;#27;[0m
</system-out>
  </testcase>
  <testcase classname="test feature test" name="test post request" time="0.038">
    <skipped/>
  </testcase>
  <testcase classname="test feature test" name="test post request" time="0.038">
    <skipped/>
  </testcase>
  <testcase classname="test feature test" name="test post request" time="0.038">
    <skipped/>
  </testcase>
  <testcase classname="test feature test" name="test put with param" time="0.003">
    <skipped/>
    <system-out>
  Background:                         &amp;#27;[90m# src/test/resources/com/ping/features/assuredaw.feature:7&amp;#27;[0m
    &amp;#27;[33mGiven &amp;#27;[0m&amp;#27;[33mset base url and set header&amp;#27;[0m &amp;#27;[90m# null&amp;#27;[0m

  @RestAssuredCase
  Scenario: test put with param                            &amp;#27;[90m# src/test/resources/com/ping/features/assuredaw.feature:31&amp;#27;[0m
    &amp;#27;[33mWhen &amp;#27;[0m&amp;#27;[33mI get book with &quot;1&quot; and &quot;test&quot;&amp;#27;[0m                    &amp;#27;[90m# null&amp;#27;[0m
    &amp;#27;[33mThen &amp;#27;[0m&amp;#27;[33mresponse code should be 200 and header should be:&amp;#27;[0m &amp;#27;[90m# null&amp;#27;[0m
</system-out>
  </testcase>
  <testcase classname="test feature test" name="test put with param" time="0.003">
    <skipped/>
  </testcase>
  <testcase classname="test feature test" name="test put with param" time="0.005">
    <skipped/>
  </testcase>
</testsuite>